{"log":"Watching for file changes with StatReloader\n","stream":"stderr","time":"2023-01-09T04:17:31.711032941Z"}
{"log":"Not Found: /\n","stream":"stderr","time":"2023-01-09T04:17:50.90911731Z"}
{"log":"[09/Jan/2023 04:17:50] \"GET / HTTP/1.1\" 404 2167\n","stream":"stderr","time":"2023-01-09T04:17:50.90960358Z"}
{"log":"Not Found: /api/\n","stream":"stderr","time":"2023-01-09T04:17:57.198666917Z"}
{"log":"[09/Jan/2023 04:17:57] \"GET /api/ HTTP/1.1\" 404 2585\n","stream":"stderr","time":"2023-01-09T04:17:57.199041829Z"}
{"log":"Not Found: /api/sensor/\n","stream":"stderr","time":"2023-01-09T04:18:03.835802157Z"}
{"log":"[09/Jan/2023 04:18:03] \"GET /api/sensor/ HTTP/1.1\" 404 2606\n","stream":"stderr","time":"2023-01-09T04:18:03.836210117Z"}
{"log":"[09/Jan/2023 04:18:08] \"GET /api/sensors/ HTTP/1.1\" 200 8651\n","stream":"stderr","time":"2023-01-09T04:18:08.611344217Z"}
{"log":"[09/Jan/2023 04:18:08] \"GET /static/rest_framework/css/bootstrap-tweaks.css HTTP/1.1\" 200 3385\n","stream":"stderr","time":"2023-01-09T04:18:08.628791624Z"}
{"log":"[09/Jan/2023 04:18:08] \"GET /static/rest_framework/js/ajax-form.js HTTP/1.1\" 200 3597\n","stream":"stderr","time":"2023-01-09T04:18:08.63179015Z"}
{"log":"[09/Jan/2023 04:18:08] \"GET /static/rest_framework/js/csrf.js HTTP/1.1\" 200 1719\n","stream":"stderr","time":"2023-01-09T04:18:08.633033531Z"}
{"log":"[09/Jan/2023 04:18:08] \"GET /static/rest_framework/css/bootstrap.min.css HTTP/1.1\" 200 121457\n","stream":"stderr","time":"2023-01-09T04:18:08.634802584Z"}
{"log":"[09/Jan/2023 04:18:08] \"GET /static/rest_framework/css/prettify.css HTTP/1.1\" 200 817\n","stream":"stderr","time":"2023-01-09T04:18:08.635098905Z"}
{"log":"[09/Jan/2023 04:18:08] \"GET /static/rest_framework/css/default.css HTTP/1.1\" 200 1152\n","stream":"stderr","time":"2023-01-09T04:18:08.635469111Z"}
{"log":"[09/Jan/2023 04:18:08] \"GET /static/rest_framework/js/jquery-3.5.1.min.js HTTP/1.1\" 200 89476\n","stream":"stderr","time":"2023-01-09T04:18:08.636377332Z"}
{"log":"[09/Jan/2023 04:18:08] \"GET /static/rest_framework/js/default.js HTTP/1.1\" 200 1268\n","stream":"stderr","time":"2023-01-09T04:18:08.64208648Z"}
{"log":"[09/Jan/2023 04:18:08] \"GET /static/rest_framework/js/prettify-min.js HTTP/1.1\" 200 13632\n","stream":"stderr","time":"2023-01-09T04:18:08.642486785Z"}
{"log":"[09/Jan/2023 04:18:08] \"GET /static/rest_framework/js/bootstrap.min.js HTTP/1.1\" 200 39680\n","stream":"stderr","time":"2023-01-09T04:18:08.64279196Z"}
{"log":"[09/Jan/2023 04:18:08] \"GET /static/rest_framework/img/grid.png HTTP/1.1\" 200 1458\n","stream":"stderr","time":"2023-01-09T04:18:08.674412494Z"}
{"log":"[09/Jan/2023 04:20:26] \"GET /api/sensors/ HTTP/1.1\" 200 2\n","stream":"stderr","time":"2023-01-09T04:20:26.541555168Z"}
{"log":"Bad Request: /api/sensors/\n","stream":"stderr","time":"2023-01-09T04:20:33.085336815Z"}
{"log":"[09/Jan/2023 04:20:33] \"POST /api/sensors/ HTTP/1.1\" 400 100\n","stream":"stderr","time":"2023-01-09T04:20:33.085562682Z"}
{"log":"Bad Request: /api/sensors/\n","stream":"stderr","time":"2023-01-09T04:21:01.802369113Z"}
{"log":"[09/Jan/2023 04:21:01] \"POST /api/sensors/ HTTP/1.1\" 400 100\n","stream":"stderr","time":"2023-01-09T04:21:01.802623895Z"}
{"log":"Unsupported Media Type: /api/sensors/\n","stream":"stderr","time":"2023-01-09T04:23:03.701315785Z"}
{"log":"[09/Jan/2023 04:23:03] \"POST /api/sensors/ HTTP/1.1\" 415 99\n","stream":"stderr","time":"2023-01-09T04:23:03.701563371Z"}
{"log":"Bad Request: /api/sensors/\n","stream":"stderr","time":"2023-01-09T04:23:26.251808388Z"}
{"log":"[09/Jan/2023 04:23:26] \"POST /api/sensors/ HTTP/1.1\" 400 82\n","stream":"stderr","time":"2023-01-09T04:23:26.252058437Z"}
{"log":"Bad Request: /api/sensors/\n","stream":"stderr","time":"2023-01-09T04:23:44.394209413Z"}
{"log":"[09/Jan/2023 04:23:44] \"POST /api/sensors/ HTTP/1.1\" 400 82\n","stream":"stderr","time":"2023-01-09T04:23:44.395923102Z"}
{"log":"Bad Request: /api/sensors/\n","stream":"stderr","time":"2023-01-09T04:23:48.817958967Z"}
{"log":"[09/Jan/2023 04:23:48] \"POST /api/sensors/ HTTP/1.1\" 400 100\n","stream":"stderr","time":"2023-01-09T04:23:48.818383118Z"}
{"log":"Bad Request: /api/sensors/\n","stream":"stderr","time":"2023-01-09T04:24:16.600933435Z"}
{"log":"[09/Jan/2023 04:24:16] \"POST /api/sensors/ HTTP/1.1\" 400 70\n","stream":"stderr","time":"2023-01-09T04:24:16.601136865Z"}
{"log":"Not Found: /api/sensors/1\n","stream":"stderr","time":"2023-01-09T04:24:25.47351764Z"}
{"log":"[09/Jan/2023 04:24:25] \"GET /api/sensors/1 HTTP/1.1\" 404 8905\n","stream":"stderr","time":"2023-01-09T04:24:25.473885067Z"}
{"log":"[09/Jan/2023 04:24:25] \"GET /static/rest_framework/css/prettify.css HTTP/1.1\" 304 0\n","stream":"stderr","time":"2023-01-09T04:24:25.497622007Z"}
{"log":"[09/Jan/2023 04:24:25] \"GET /static/rest_framework/css/bootstrap.min.css HTTP/1.1\" 304 0\n","stream":"stderr","time":"2023-01-09T04:24:25.499456864Z"}
{"log":"[09/Jan/2023 04:24:25] \"GET /static/rest_framework/css/bootstrap-tweaks.css HTTP/1.1\" 304 0\n","stream":"stderr","time":"2023-01-09T04:24:25.5017414Z"}
{"log":"[09/Jan/2023 04:24:25] \"GET /static/rest_framework/css/default.css HTTP/1.1\" 304 0\n","stream":"stderr","time":"2023-01-09T04:24:25.505184437Z"}
{"log":"[09/Jan/2023 04:24:25] \"GET /static/rest_framework/js/csrf.js HTTP/1.1\" 304 0\n","stream":"stderr","time":"2023-01-09T04:24:25.507422638Z"}
{"log":"[09/Jan/2023 04:24:25] \"GET /static/rest_framework/js/prettify-min.js HTTP/1.1\" 304 0\n","stream":"stderr","time":"2023-01-09T04:24:25.507743721Z"}
{"log":"[09/Jan/2023 04:24:25] \"GET /static/rest_framework/js/ajax-form.js HTTP/1.1\" 304 0\n","stream":"stderr","time":"2023-01-09T04:24:25.508248937Z"}
{"log":"[09/Jan/2023 04:24:25] \"GET /static/rest_framework/js/bootstrap.min.js HTTP/1.1\" 304 0\n","stream":"stderr","time":"2023-01-09T04:24:25.508450144Z"}
{"log":"[09/Jan/2023 04:24:25] \"GET /static/rest_framework/js/jquery-3.5.1.min.js HTTP/1.1\" 304 0\n","stream":"stderr","time":"2023-01-09T04:24:25.508643294Z"}
{"log":"[09/Jan/2023 04:24:25] \"GET /static/rest_framework/js/default.js HTTP/1.1\" 304 0\n","stream":"stderr","time":"2023-01-09T04:24:25.511212132Z"}
{"log":"[09/Jan/2023 04:24:25] \"GET /static/rest_framework/img/grid.png HTTP/1.1\" 304 0\n","stream":"stderr","time":"2023-01-09T04:24:25.59017813Z"}
{"log":"Bad Request: /api/sensors/\n","stream":"stderr","time":"2023-01-09T04:25:19.337749538Z"}
{"log":"[09/Jan/2023 04:25:19] \"POST /api/sensors/ HTTP/1.1\" 400 39\n","stream":"stderr","time":"2023-01-09T04:25:19.337907665Z"}
{"log":"[09/Jan/2023 04:25:27] \"POST /api/sensors/ HTTP/1.1\" 201 83\n","stream":"stderr","time":"2023-01-09T04:25:27.243354345Z"}
{"log":"[09/Jan/2023 04:25:34] \"GET /api/sensors/1 HTTP/1.1\" 200 9160\n","stream":"stderr","time":"2023-01-09T04:25:34.939679135Z"}
{"log":"Not Found: /api/sensor/measurements/\n","stream":"stderr","time":"2023-01-09T04:26:27.81975676Z"}
{"log":"[09/Jan/2023 04:26:27] \"GET /api/sensor/measurements/ HTTP/1.1\" 404 2645\n","stream":"stderr","time":"2023-01-09T04:26:27.820700612Z"}
{"log":"[09/Jan/2023 04:26:38] \"GET /api/measurements HTTP/1.1\" 301 0\n","stream":"stderr","time":"2023-01-09T04:26:38.197145899Z"}
{"log":"Method Not Allowed: /api/measurements/\n","stream":"stderr","time":"2023-01-09T04:26:38.208722778Z"}
{"log":"[09/Jan/2023 04:26:38] \"GET /api/measurements/ HTTP/1.1\" 405 7659\n","stream":"stderr","time":"2023-01-09T04:26:38.2090231Z"}
{"log":"Bad Request: /api/measurements/\n","stream":"stderr","time":"2023-01-09T04:26:53.50417775Z"}
{"log":"[09/Jan/2023 04:26:53] \"POST /api/measurements/ HTTP/1.1\" 400 105\n","stream":"stderr","time":"2023-01-09T04:26:53.504477109Z"}
{"log":"[09/Jan/2023 04:27:30] \"POST /api/measurements/ HTTP/1.1\" 201 60\n","stream":"stderr","time":"2023-01-09T04:27:30.354285969Z"}
{"log":"Method Not Allowed: /api/sensors/1\n","stream":"stderr","time":"2023-01-09T04:27:46.401260778Z"}
{"log":"[09/Jan/2023 04:27:46] \"POST /api/sensors/1 HTTP/1.1\" 405 55\n","stream":"stderr","time":"2023-01-09T04:27:46.401287274Z"}
{"log":"[09/Jan/2023 04:27:50] \"GET /api/sensors/1 HTTP/1.1\" 200 147\n","stream":"stderr","time":"2023-01-09T04:27:50.97012413Z"}
{"log":"Bad Request: /api/sensors/\n","stream":"stderr","time":"2023-01-09T04:33:21.943737338Z"}
{"log":"[09/Jan/2023 04:33:21] \"POST /api/sensors/ HTTP/1.1\" 400 100\n","stream":"stderr","time":"2023-01-09T04:33:21.943974014Z"}
{"log":"Method Not Allowed: /api/measurements/\n","stream":"stderr","time":"2023-01-09T04:57:28.539573862Z"}
{"log":"[09/Jan/2023 04:57:28] \"GET /api/measurements/ HTTP/1.1\" 405 7659\n","stream":"stderr","time":"2023-01-09T04:57:28.542946881Z"}
{"log":"[09/Jan/2023 04:57:28] \"GET /static/rest_framework/css/prettify.css HTTP/1.1\" 304 0\n","stream":"stderr","time":"2023-01-09T04:57:28.561324705Z"}
{"log":"[09/Jan/2023 04:57:28] \"GET /static/rest_framework/css/bootstrap.min.css HTTP/1.1\" 304 0\n","stream":"stderr","time":"2023-01-09T04:57:28.562928697Z"}
{"log":"[09/Jan/2023 04:57:28] \"GET /static/rest_framework/css/default.css HTTP/1.1\" 304 0\n","stream":"stderr","time":"2023-01-09T04:57:28.564691635Z"}
{"log":"[09/Jan/2023 04:57:28] \"GET /static/rest_framework/css/bootstrap-tweaks.css HTTP/1.1\" 304 0\n","stream":"stderr","time":"2023-01-09T04:57:28.56574574Z"}
{"log":"[09/Jan/2023 04:57:28] \"GET /static/rest_framework/js/ajax-form.js HTTP/1.1\" 304 0\n","stream":"stderr","time":"2023-01-09T04:57:28.567189521Z"}
{"log":"[09/Jan/2023 04:57:28] \"GET /static/rest_framework/js/bootstrap.min.js HTTP/1.1\" 304 0\n","stream":"stderr","time":"2023-01-09T04:57:28.56871658Z"}
{"log":"[09/Jan/2023 04:57:28] \"GET /static/rest_framework/js/prettify-min.js HTTP/1.1\" 304 0\n","stream":"stderr","time":"2023-01-09T04:57:28.569029029Z"}
{"log":"[09/Jan/2023 04:57:28] \"GET /static/rest_framework/js/jquery-3.5.1.min.js HTTP/1.1\" 304 0\n","stream":"stderr","time":"2023-01-09T04:57:28.569415619Z"}
{"log":"[09/Jan/2023 04:57:28] \"GET /static/rest_framework/js/csrf.js HTTP/1.1\" 304 0\n","stream":"stderr","time":"2023-01-09T04:57:28.570250745Z"}
{"log":"[09/Jan/2023 04:57:28] \"GET /static/rest_framework/js/default.js HTTP/1.1\" 304 0\n","stream":"stderr","time":"2023-01-09T04:57:28.570453766Z"}
{"log":"[09/Jan/2023 04:57:28] \"GET /static/rest_framework/img/grid.png HTTP/1.1\" 304 0\n","stream":"stderr","time":"2023-01-09T04:57:28.623952576Z"}
{"log":"Method Not Allowed: /api/measurements/\n","stream":"stderr","time":"2023-01-09T04:57:29.562176457Z"}
{"log":"[09/Jan/2023 04:57:29] \"GET /api/measurements/ HTTP/1.1\" 405 7659\n","stream":"stderr","time":"2023-01-09T04:57:29.562988753Z"}
{"log":"Method Not Allowed: /api/measurements/\n","stream":"stderr","time":"2023-01-09T05:23:00.945946455Z"}
{"log":"[09/Jan/2023 05:23:00] \"GET /api/measurements/ HTTP/1.1\" 405 7659\n","stream":"stderr","time":"2023-01-09T05:23:00.950578592Z"}
{"log":"[09/Jan/2023 05:23:00] \"GET /static/rest_framework/css/bootstrap.min.css HTTP/1.1\" 304 0\n","stream":"stderr","time":"2023-01-09T05:23:00.973683208Z"}
{"log":"[09/Jan/2023 05:23:00] \"GET /static/rest_framework/css/prettify.css HTTP/1.1\" 304 0\n","stream":"stderr","time":"2023-01-09T05:23:00.976568055Z"}
{"log":"[09/Jan/2023 05:23:00] \"GET /static/rest_framework/css/default.css HTTP/1.1\" 304 0\n","stream":"stderr","time":"2023-01-09T05:23:00.987767867Z"}
{"log":"[09/Jan/2023 05:23:00] \"GET /static/rest_framework/js/jquery-3.5.1.min.js HTTP/1.1\" 304 0\n","stream":"stderr","time":"2023-01-09T05:23:00.988477462Z"}
{"log":"[09/Jan/2023 05:23:00] \"GET /static/rest_framework/css/bootstrap-tweaks.css HTTP/1.1\" 304 0\n","stream":"stderr","time":"2023-01-09T05:23:00.989024882Z"}
{"log":"[09/Jan/2023 05:23:00] \"GET /static/rest_framework/js/ajax-form.js HTTP/1.1\" 304 0\n","stream":"stderr","time":"2023-01-09T05:23:00.990286307Z"}
{"log":"[09/Jan/2023 05:23:00] \"GET /static/rest_framework/js/bootstrap.min.js HTTP/1.1\" 304 0\n","stream":"stderr","time":"2023-01-09T05:23:00.990525613Z"}
{"log":"[09/Jan/2023 05:23:00] \"GET /static/rest_framework/js/csrf.js HTTP/1.1\" 304 0\n","stream":"stderr","time":"2023-01-09T05:23:00.990877339Z"}
{"log":"[09/Jan/2023 05:23:00] \"GET /static/rest_framework/js/prettify-min.js HTTP/1.1\" 304 0\n","stream":"stderr","time":"2023-01-09T05:23:00.991173096Z"}
{"log":"[09/Jan/2023 05:23:00] \"GET /static/rest_framework/js/default.js HTTP/1.1\" 304 0\n","stream":"stderr","time":"2023-01-09T05:23:00.991282585Z"}
{"log":"[09/Jan/2023 05:23:01] \"GET /static/rest_framework/img/grid.png HTTP/1.1\" 304 0\n","stream":"stderr","time":"2023-01-09T05:23:01.046207522Z"}
{"log":"Method Not Allowed: /api/measurements/\n","stream":"stderr","time":"2023-01-09T05:23:01.159856741Z"}
{"log":"[09/Jan/2023 05:23:01] \"GET /api/measurements/ HTTP/1.1\" 405 7659\n","stream":"stderr","time":"2023-01-09T05:23:01.160447798Z"}
{"log":"Method Not Allowed: /api/measurements/\n","stream":"stderr","time":"2023-01-09T05:23:03.046679015Z"}
{"log":"[09/Jan/2023 05:23:03] \"GET /api/measurements/ HTTP/1.1\" 405 7659\n","stream":"stderr","time":"2023-01-09T05:23:03.04698661Z"}
{"log":"Method Not Allowed: /api/measurements/\n","stream":"stderr","time":"2023-01-09T05:23:03.260899895Z"}
{"log":"[09/Jan/2023 05:23:03] \"GET /api/measurements/ HTTP/1.1\" 405 7659\n","stream":"stderr","time":"2023-01-09T05:23:03.261690155Z"}
{"log":"Method Not Allowed: /api/measurements/\n","stream":"stderr","time":"2023-01-09T05:23:03.413374406Z"}
{"log":"[09/Jan/2023 05:23:03] \"GET /api/measurements/ HTTP/1.1\" 405 7659\n","stream":"stderr","time":"2023-01-09T05:23:03.413984072Z"}
{"log":"Method Not Allowed: /api/measurements/\n","stream":"stderr","time":"2023-01-09T05:23:03.551857452Z"}
{"log":"[09/Jan/2023 05:23:03] \"GET /api/measurements/ HTTP/1.1\" 405 7659\n","stream":"stderr","time":"2023-01-09T05:23:03.552205372Z"}
{"log":"Method Not Allowed: /api/measurements/\n","stream":"stderr","time":"2023-01-09T05:23:03.844217338Z"}
{"log":"[09/Jan/2023 05:23:03] \"GET /api/measurements/ HTTP/1.1\" 405 7659\n","stream":"stderr","time":"2023-01-09T05:23:03.844811833Z"}
{"log":"Method Not Allowed: /api/measurements/\n","stream":"stderr","time":"2023-01-09T05:23:04.127593397Z"}
{"log":"[09/Jan/2023 05:23:04] \"GET /api/measurements/ HTTP/1.1\" 405 7659\n","stream":"stderr","time":"2023-01-09T05:23:04.127981362Z"}
{"log":"Not Found: /api/\n","stream":"stderr","time":"2023-01-09T05:23:06.344278017Z"}
{"log":"[09/Jan/2023 05:23:06] \"GET /api/ HTTP/1.1\" 404 2585\n","stream":"stderr","time":"2023-01-09T05:23:06.345207556Z"}
{"log":"[09/Jan/2023 05:23:10] \"GET /api/sensors/ HTTP/1.1\" 200 8825\n","stream":"stderr","time":"2023-01-09T05:23:10.602690662Z"}
